[debug] [2021-09-28T07:09:55.483Z] ----------------------------------------------------------------------
[debug] [2021-09-28T07:09:55.486Z] Command:       C:\Program Files\nodejs\node.exe C:\Users\paras\AppData\Roaming\npm\node_modules\firebase-tools\lib\bin\firebase.js init
[debug] [2021-09-28T07:09:55.486Z] CLI Version:   9.18.0
[debug] [2021-09-28T07:09:55.486Z] Platform:      win32
[debug] [2021-09-28T07:09:55.486Z] Node Version:  v14.16.0
[debug] [2021-09-28T07:09:55.487Z] Time:          Tue Sep 28 2021 12:39:55 GMT+0530 (India Standard Time)
[debug] [2021-09-28T07:09:55.487Z] ----------------------------------------------------------------------
[debug] 
[debug] [2021-09-28T07:09:55.559Z] > command requires scopes: ["email","openid","https://www.googleapis.com/auth/cloudplatformprojects.readonly","https://www.googleapis.com/auth/firebase","https://www.googleapis.com/auth/cloud-platform"]
[debug] [2021-09-28T07:09:55.560Z] > authorizing via signed-in user (2019paras.patil@ves.ac.in)
[info] 
     ######## #### ########  ######## ########     ###     ######  ########
     ##        ##  ##     ## ##       ##     ##  ##   ##  ##       ##
     ######    ##  ########  ######   ########  #########  ######  ######
     ##        ##  ##    ##  ##       ##     ## ##     ##       ## ##
     ##       #### ##     ## ######## ########  ##     ##  ######  ########

You're about to initialize a Firebase project in this directory:

  C:\Users\paras\AndroidStudioProjects\safety_seva

Before we get started, keep in mind:

  * You are initializing within an existing Firebase project directory

[info] 
=== Project Setup
[info] 
[info] First, let's associate this project directory with a Firebase project.
[info] You can create multiple project aliases by running firebase use --add, 
[info] but for now we'll just set up a default project.
[info] 
[info] i  .firebaserc already has a default project, using safety-seva. 
[debug] [2021-09-28T07:10:01.081Z] >>> [apiv2][query] GET https://firebase.googleapis.com/v1beta1/projects/safety-seva [none]
[debug] [2021-09-28T07:10:01.591Z] <<< [apiv2][status] GET https://firebase.googleapis.com/v1beta1/projects/safety-seva 200
[debug] [2021-09-28T07:10:01.591Z] <<< [apiv2][body] GET https://firebase.googleapis.com/v1beta1/projects/safety-seva {"projectId":"safety-seva","projectNumber":"266915889052","displayName":"safety-seva","name":"projects/safety-seva","resources":{"hostingSite":"safety-seva"},"state":"ACTIVE"}
[info] 
=== Hosting Setup
[info] 
[info] Your public directory is the folder (relative to your project directory) that
[info] will contain Hosting assets to be uploaded with firebase deploy. If you
[info] have a build process for your assets, use your build's output directory.
[info] 
[debug] [2021-09-28T07:10:11.887Z] >>> [apiv2][query] GET https://www.gstatic.com/firebasejs/releases.json [none]
[debug] [2021-09-28T07:10:12.001Z] <<< [apiv2][status] GET https://www.gstatic.com/firebasejs/releases.json 200
[debug] [2021-09-28T07:10:12.001Z] <<< [apiv2][body] GET https://www.gstatic.com/firebasejs/releases.json {"current":{"version":"9.1.0","browserURL":"https://www.gstatic.com/firebasejs/9.1.0/firebase.js","packageURL":"https://www.gstatic.com/firebasejs/9.1.0/firebase.tgz"},"live":{"version":"9.1","browserURL":"https://www.gstatic.com/firebasejs/live/9.1/firebase.js","packageURL":"https://www.gstatic.com/firebasejs/live/9.1/firebase.tgz"},"components":{"analytics":"https://www.gstatic.com/firebasejs/9.1.0/firebase-analytics.js","app":"https://www.gstatic.com/firebasejs/9.1.0/firebase-app.js","app-check":"https://www.gstatic.com/firebasejs/9.1.0/firebase-app-check.js","auth":"https://www.gstatic.com/firebasejs/9.1.0/firebase-auth.js","auth/cordova":"https://www.gstatic.com/firebasejs/9.1.0/firebase-auth/cordova.js","auth/react-native":"https://www.gstatic.com/firebasejs/9.1.0/firebase-auth/react-native.js","functions":"https://www.gstatic.com/firebasejs/9.1.0/firebase-functions.js","firestore":"https://www.gstatic.com/firebasejs/9.1.0/firebase-firestore.js","firestore/lite":"https://www.gstatic.com/firebasejs/9.1.0/firebase-firestore/lite.js","storage":"https://www.gstatic.com/firebasejs/9.1.0/firebase-storage.js","performance":"https://www.gstatic.com/firebasejs/9.1.0/firebase-performance.js","remote-config":"https://www.gstatic.com/firebasejs/9.1.0/firebase-remote-config.js","messaging":"https://www.gstatic.com/firebasejs/9.1.0/firebase-messaging.js","messaging/sw":"https://www.gstatic.com/firebasejs/9.1.0/firebase-messaging/sw.js","database":"https://www.gstatic.com/firebasejs/9.1.0/firebase-database.js","firestore.memory":"https://www.gstatic.com/firebasejs/9.1.0/firebase-firestore.memory.js"}}
[info] +  Wrote build/web/index.html 
[info] 
[info] i  Detected a .git folder at C:\Users\paras\AndroidStudioProjects\safety_seva 
[info] i  Authorizing with GitHub to upload your service account to a GitHub repository's secrets store. 
[info] 
[info] Visit this URL on this device to log in:
[info] https://github.com/login/oauth/authorize?client_id=89cf50f02ac6aaed3484&state=1072526260&redirect_uri=http%3A%2F%2Flocalhost%3A9005&scope=read%3Auser%20repo%20public_repo
[info] 
[info] Waiting for authentication...
[debug] [2021-09-28T07:12:18.268Z] >>> HTTP REQUEST POST https://github.com/login/oauth/access_token  
 {"client_id":"89cf50f02ac6aaed3484","client_secret":"3330d14abc895d9a74d5f17cd7a00711fa2c5bf0","code":"e14ccc47c289b447a7e5","redirect_uri":"http://localhost:9005","state":"1072526260"}
[debug] [2021-09-28T07:12:18.593Z] <<< HTTP RESPONSE 200 {"server":"GitHub.com","date":"Tue, 28 Sep 2021 07:12:16 GMT","content-type":"application/json; charset=utf-8","transfer-encoding":"chunked","vary":"X-PJAX, X-PJAX-Container, Accept-Encoding, Accept, X-Requested-With","permissions-policy":"interest-cohort=()","etag":"W/\"1c11b96c58e2b016495ad5bd85f406da\"","cache-control":"max-age=0, private, must-revalidate","strict-transport-security":"max-age=31536000; includeSubdomains; preload","x-frame-options":"deny","x-content-type-options":"nosniff","x-xss-protection":"0","referrer-policy":"origin-when-cross-origin, strict-origin-when-cross-origin","expect-ct":"max-age=2592000, report-uri=\"https://api.github.com/_private/browser/errors\"","content-security-policy":"default-src 'none'; base-uri 'self'; block-all-mixed-content; child-src github.githubassets.com; connect-src 'self' uploads.github.com www.githubstatus.com collector.githubapp.com api.github.com github-cloud.s3.amazonaws.com github-production-repository-file-5c1aeb.s3.amazonaws.com github-production-upload-manifest-file-7fdce7.s3.amazonaws.com github-production-user-asset-6210df.s3.amazonaws.com cdn.optimizely.com logx.optimizely.com/v1/events translator.github.com wss://alive.github.com; font-src github.githubassets.com; form-action 'self' github.com gist.github.com; frame-ancestors 'none'; frame-src render.githubusercontent.com viewscreen.githubusercontent.com; img-src 'self' data: github.githubassets.com identicons.github.com collector.githubapp.com github-cloud.s3.amazonaws.com secured-user-images.githubusercontent.com/ *.githubusercontent.com; manifest-src 'self'; media-src github.com user-images.githubusercontent.com/; script-src github.githubassets.com; style-src 'unsafe-inline' github.githubassets.com; worker-src github.githubassets.com github.com/socket-worker-0af8a29d.js gist.github.com/socket-worker-0af8a29d.js","x-github-request-id":"F4B5:6144:619B26:6CCCB0:6152C050"}
[debug] [2021-09-28T07:12:18.598Z] >>> [apiv2][query] GET https://api.github.com/user [none]
[debug] [2021-09-28T07:12:18.952Z] <<< [apiv2][status] GET https://api.github.com/user 200
[debug] [2021-09-28T07:12:18.952Z] <<< [apiv2][body] GET https://api.github.com/user {"login":"paras2001-hub","id":72026773,"node_id":"MDQ6VXNlcjcyMDI2Nzcz","avatar_url":"https://avatars.githubusercontent.com/u/72026773?v=4","gravatar_id":"","url":"https://api.github.com/users/paras2001-hub","html_url":"https://github.com/paras2001-hub","followers_url":"https://api.github.com/users/paras2001-hub/followers","following_url":"https://api.github.com/users/paras2001-hub/following{/other_user}","gists_url":"https://api.github.com/users/paras2001-hub/gists{/gist_id}","starred_url":"https://api.github.com/users/paras2001-hub/starred{/owner}{/repo}","subscriptions_url":"https://api.github.com/users/paras2001-hub/subscriptions","organizations_url":"https://api.github.com/users/paras2001-hub/orgs","repos_url":"https://api.github.com/users/paras2001-hub/repos","events_url":"https://api.github.com/users/paras2001-hub/events{/privacy}","received_events_url":"https://api.github.com/users/paras2001-hub/received_events","type":"User","site_admin":false,"name":"Paras Patil","company":null,"blog":"","location":"Maharashtra, India","email":"parasptl678@gmail.com","hireable":null,"bio":null,"twitter_username":null,"public_repos":12,"public_gists":0,"followers":0,"following":0,"created_at":"2020-09-28T13:41:05Z","updated_at":"2021-09-28T07:12:14Z","private_gists":0,"total_private_repos":4,"owned_private_repos":4,"disk_usage":95758,"collaborators":3,"two_factor_authentication":false,"plan":{"name":"free","space":976562499,"collaborators":0,"private_repos":10000}}
[info] 
[info] +  Success! Logged into GitHub as paras2001-hub 
[info] 
